{
  "stats": {
    "suites": 1,
    "tests": 4,
    "passes": 4,
    "pending": 0,
    "failures": 0,
    "start": "2026-04-23T18:47:47.265Z",
    "end": "2026-04-23T18:47:55.398Z",
    "duration": 8133,
    "testsRegistered": 4,
    "passPercent": 100,
    "pendingPercent": 0,
    "other": 0,
    "hasOther": false,
    "skipped": 0,
    "hasSkipped": false
  },
  "results": [
    {
      "uuid": "2b3e0c52-c0bd-4b33-9c9f-05e6756284ec",
      "title": "",
      "fullFile": "cypress/e2e/login-incorreto.cy.js",
      "file": "cypress/e2e/login-incorreto.cy.js",
      "beforeHooks": [],
      "afterHooks": [],
      "tests": [],
      "suites": [
        {
          "uuid": "b9900a0f-ab73-4368-9de4-da3c61dfd78d",
          "title": "Página de login",
          "fullFile": "",
          "file": "",
          "beforeHooks": [],
          "afterHooks": [],
          "tests": [
            {
              "title": "Deve deixar os campos de email e senha em branco e exibir mensagem de erro",
              "fullTitle": "Página de login Deve deixar os campos de email e senha em branco e exibir mensagem de erro",
              "timedOut": null,
              "duration": 767,
              "state": "passed",
              "speed": "fast",
              "pass": true,
              "fail": false,
              "pending": false,
              "context": null,
              "code": "cy.get('[data-test=\"submit-button\"]').click();\ncy.contains('É necessário informar um endereço de email').should('be.visible');\ncy.contains('Insira sua senha').should('be.visible');",
              "err": {},
              "uuid": "259dafd7-f154-4222-94e8-d33875f2bca8",
              "parentUUID": "b9900a0f-ab73-4368-9de4-da3c61dfd78d",
              "isHook": false,
              "skipped": false
            },
            {
              "title": "Deve preencher o campo de email incorretamente e exibir mensagem de erro",
              "fullTitle": "Página de login Deve preencher o campo de email incorretamente e exibir mensagem de erro",
              "timedOut": null,
              "duration": 1649,
              "state": "passed",
              "speed": "fast",
              "pass": true,
              "fail": false,
              "pending": false,
              "context": null,
              "code": "cy.get('[data-test=\"input-loginEmail\"]').type('ana.exemplo.123');\ncy.get('[data-test=\"input-loginPassword\"]').type('Ana@123');\ncy.get('[data-test=\"submit-button\"]').click();\ncy.contains('Por favor, verifique o email digitado').should('be.visible');",
              "err": {},
              "uuid": "1df77b8b-2948-4337-952b-f906233c4e58",
              "parentUUID": "b9900a0f-ab73-4368-9de4-da3c61dfd78d",
              "isHook": false,
              "skipped": false
            },
            {
              "title": "Deve preencher o campo de senha incorretamente e exibir mensagem de erro",
              "fullTitle": "Página de login Deve preencher o campo de senha incorretamente e exibir mensagem de erro",
              "timedOut": null,
              "duration": 2164,
              "state": "passed",
              "speed": "fast",
              "pass": true,
              "fail": false,
              "pending": false,
              "context": null,
              "code": "cy.get('[data-test=\"input-loginEmail\"]').type('ana.exemplo.123@exemplo.com');\ncy.get('[data-test=\"input-loginPassword\"]').type('ana@123');\ncy.get('[data-test=\"submit-button\"]').click();\ncy.contains('A senha deve conter pelo menos uma letra maiúscula, um número e ter entre 6 e 15 caracteres').should('be.visible');",
              "err": {},
              "uuid": "94090ab0-2353-4871-98fb-e2fac981d2bd",
              "parentUUID": "b9900a0f-ab73-4368-9de4-da3c61dfd78d",
              "isHook": false,
              "skipped": false
            },
            {
              "title": "Deve preencher os campos de email e senha incorretamente e exibir mensagens de erro",
              "fullTitle": "Página de login Deve preencher os campos de email e senha incorretamente e exibir mensagens de erro",
              "timedOut": null,
              "duration": 1214,
              "state": "passed",
              "speed": "fast",
              "pass": true,
              "fail": false,
              "pending": false,
              "context": null,
              "code": "cy.get('[data-test=\"input-loginEmail\"]').type('ana.exemplo.123');\ncy.get('[data-test=\"input-loginPassword\"]').type('ana@123');\ncy.get('[data-test=\"submit-button\"]').click();\ncy.contains('Por favor, verifique o email digitado').should('be.visible');\ncy.contains('A senha deve conter pelo menos uma letra maiúscula, um número e ter entre 6 e 15 caracteres').should('be.visible');",
              "err": {},
              "uuid": "b91173d9-a363-4e48-9170-6d39dbb57b73",
              "parentUUID": "b9900a0f-ab73-4368-9de4-da3c61dfd78d",
              "isHook": false,
              "skipped": false
            }
          ],
          "suites": [],
          "passes": [
            "259dafd7-f154-4222-94e8-d33875f2bca8",
            "1df77b8b-2948-4337-952b-f906233c4e58",
            "94090ab0-2353-4871-98fb-e2fac981d2bd",
            "b91173d9-a363-4e48-9170-6d39dbb57b73"
          ],
          "failures": [],
          "pending": [],
          "skipped": [],
          "duration": 5794,
          "root": false,
          "rootEmpty": false,
          "_timeout": 2000
        }
      ],
      "passes": [],
      "failures": [],
      "pending": [],
      "skipped": [],
      "duration": 0,
      "root": true,
      "rootEmpty": true,
      "_timeout": 2000
    }
  ],
  "meta": {
    "mocha": {
      "version": "7.2.0"
    },
    "mochawesome": {
      "options": {
        "quiet": false,
        "reportFilename": "mochawesome",
        "saveHtml": false,
        "saveJson": true,
        "consoleReporter": "spec",
        "useInlineDiffs": false,
        "code": true
      },
      "version": "7.1.4"
    },
    "marge": {
      "options": {
        "reportDir": "cypress/results",
        "overwrite": false,
        "html": false,
        "json": true,
        "timestamp": "mmddyyyy_HHMMss"
      },
      "version": "6.3.2"
    }
  }
}